<?xml version="1.0" encoding="UTF-8"?>
<!-- Generated by org.testng.reporters.JUnitReportReporter -->
<testsuite hostname="rmalusht.remote.csb" failures="0" tests="1" name="pageTest.loginPageTest" time="4.997" errors="0" timestamp="2020-11-15T22:59:40 IST" skipped="0">
  <testcase classname="pageTest.loginPageTest" name="verify_Login" time="4.997"/>
  <system-out/>
</testsuite> <!-- pageTest.loginPageTest -->
