<?xml version="1.0" encoding="UTF-8"?>
<!-- Generated by org.testng.reporters.JUnitReportReporter -->
<testsuite hostname="rmalusht.remote.csb" failures="0" tests="1" name="DemoTest.testNGExample" time="11.838" errors="0" timestamp="2020-11-15T23:40:50 IST" skipped="0">
  <testcase classname="DemoTest.testNGExample" name="verifyTitle" time="11.838"/>
  <system-out/>
</testsuite> <!-- DemoTest.testNGExample -->
